<?xml version="1.0" encoding="UTF-8" standalone="no"?><testsuite errors="1" failures="0" name="Make payment with debit or credit card" skipped="0" tests="2" time="5.94" timestamp="2024-11-20 11:51:43"><testcase name="User completes the transaction using a credit card or debit card"/><testcase name="User enters invalid card information"><error message="no such element: Unable to locate element: {&quot;method&quot;:&quot;xpath&quot;,&quot;selector&quot;:&quot;//*[@id=&quot;user-name&quot;]&quot;}&#10;  (Session info: chrome=131.0.6778.71)&#10;For documentation on this error, please visit: https://www.selenium.dev/documentation/webdriver/troubleshooting/errors#no-such-element-exception&#10;Build info: version: '4.16.1', revision: '9b4c83354e'&#10;System info: os.name: 'Windows 11', os.arch: 'amd64', os.version: '10.0', java.version: '17.0.11'&#10;Driver info: org.openqa.selenium.chrome.ChromeDriver&#10;Command: [af739d311333967ffa5c1ed68376ada9, findElement {using=xpath, value=//*[@id=&quot;user-name&quot;]}]&#10;Capabilities {acceptInsecureCerts: true, browserName: chrome, browserVersion: 131.0.6778.71, chrome: {chromedriverVersion: 131.0.6778.85 (3d81e41b6f3a..., userDataDir: C:\Users\lucas\AppData\Loca...}, fedcm:accounts: true, goog:chromeOptions: {debuggerAddress: localhost:57207}, networkConnectionEnabled: false, pageLoadStrategy: normal, platformName: windows, proxy: Proxy(), se:cdp: ws://localhost:57207/devtoo..., se:cdpVersion: 131.0.6778.71, setWindowRect: true, strictFileInteractability: false, timeouts: {implicit: 0, pageLoad: 300000, script: 30000}, unhandledPromptBehavior: dismiss and notify, webauthn:extension:credBlob: true, webauthn:extension:largeBlob: true, webauthn:extension:minPinLength: true, webauthn:extension:prf: true, webauthn:virtualAuthenticators: true}&#10;Session ID: af739d311333967ffa5c1ed68376ada9" type="org.openqa.selenium.NoSuchElementException">no such element: Unable to locate element: {"method":"xpath","selector":"//*[@id="user-name"]"}
  (Session info: chrome=131.0.6778.71)
For documentation on this error, please visit: https://www.selenium.dev/documentation/webdriver/troubleshooting/errors#no-such-element-exception
Build info: version: '4.16.1', revision: '9b4c83354e'
System info: os.name: 'Windows 11', os.arch: 'amd64', os.version: '10.0', java.version: '17.0.11'
Driver info: org.openqa.selenium.chrome.ChromeDriver
Command: [af739d311333967ffa5c1ed68376ada9, findElement {using=xpath, value=//*[@id="user-name"]}]
Capabilities {acceptInsecureCerts: true, browserName: chrome, browserVersion: 131.0.6778.71, chrome: {chromedriverVersion: 131.0.6778.85 (3d81e41b6f3a..., userDataDir: C:\Users\lucas\AppData\Loca...}, fedcm:accounts: true, goog:chromeOptions: {debuggerAddress: localhost:57207}, networkConnectionEnabled: false, pageLoadStrategy: normal, platformName: windows, proxy: Proxy(), se:cdp: ws://localhost:57207/devtoo..., se:cdpVersion: 131.0.6778.71, setWindowRect: true, strictFileInteractability: false, timeouts: {implicit: 0, pageLoad: 300000, script: 30000}, unhandledPromptBehavior: dismiss and notify, webauthn:extension:credBlob: true, webauthn:extension:largeBlob: true, webauthn:extension:minPinLength: true, webauthn:extension:prf: true, webauthn:virtualAuthenticators: true}
Session ID: af739d311333967ffa5c1ed68376ada9</error><system-err>no such element: Unable to locate element: {"method":"xpath","selector":"//*[@id="user-name"]"}
  (Session info: chrome=131.0.6778.71)
For documentation on this error, please visit: https://www.selenium.dev/documentation/webdriver/troubleshooting/errors#no-such-element-exception
Build info: version: '4.16.1', revision: '9b4c83354e'
System info: os.name: 'Windows 11', os.arch: 'amd64', os.version: '10.0', java.version: '17.0.11'
Driver info: org.openqa.selenium.chrome.ChromeDriver
Command: [af739d311333967ffa5c1ed68376ada9, findElement {using=xpath, value=//*[@id="user-name"]}]
Capabilities {acceptInsecureCerts: true, browserName: chrome, browserVersion: 131.0.6778.71, chrome: {chromedriverVersion: 131.0.6778.85 (3d81e41b6f3a..., userDataDir: C:\Users\lucas\AppData\Loca...}, fedcm:accounts: true, goog:chromeOptions: {debuggerAddress: localhost:57207}, networkConnectionEnabled: false, pageLoadStrategy: normal, platformName: windows, proxy: Proxy(), se:cdp: ws://localhost:57207/devtoo..., se:cdpVersion: 131.0.6778.71, setWindowRect: true, strictFileInteractability: false, timeouts: {implicit: 0, pageLoad: 300000, script: 30000}, unhandledPromptBehavior: dismiss and notify, webauthn:extension:credBlob: true, webauthn:extension:largeBlob: true, webauthn:extension:minPinLength: true, webauthn:extension:prf: true, webauthn:virtualAuthenticators: true}
Session ID: af739d311333967ffa5c1ed68376ada9&#13;
co.com.udea.pagosb.modulopagosb.interactions.EnterValue.performAs(EnterValue.java:26)&#13;
co.com.udea.pagosb.modulopagosb.tasks.ProvideCardDetails.performAs(ProvideCardDetails.java:27)&#13;
co.com.udea.pagosb.modulopagosb.stepdefinitions.PostPayWithCardStepDefinitions.theUserProvidesInvalidCardInformationInvalidCardNumberExpiredExpirationDateIncorrectCVV(PostPayWithCardStepDefinitions.java:85)&#13;
worker.org.gradle.process.internal.worker.GradleWorkerMain.run(GradleWorkerMain.java:69)&#13;
worker.org.gradle.process.internal.worker.GradleWorkerMain.main(GradleWorkerMain.java:74)&#13;
</system-err></testcase></testsuite>