<?xml version="1.0" encoding="UTF-8" standalone="no"?><testsuite errors="1" failures="0" name="Detailed display of purchase costs" skipped="0" tests="2" time="0.64" timestamp="2024-11-19 03:59:33"><testcase name="Display the detailed costs of the purchase"><error message="The actor user does not have the ability to browse the web" type="net.serenitybdd.screenplay.exceptions.ActorCannotBrowseTheWebException">The actor user does not have the ability to browse the web</error><system-err>The actor user does not have the ability to browse the web&#13;
co.com.udea.pagosb.modulopagosb.tasks.NavigateToPurchaseSummaryPage.performAs(NavigateToPurchaseSummaryPage.java:18)&#13;
co.com.udea.pagosb.modulopagosb.stepdefinitions.GetPaymentDetailsStepDefinition.thatTheUserIsOnThePurchaseSummaryPage(GetPaymentDetailsStepDefinition.java:33)&#13;
worker.org.gradle.process.internal.worker.GradleWorkerMain.run(GradleWorkerMain.java:69)&#13;
worker.org.gradle.process.internal.worker.GradleWorkerMain.main(GradleWorkerMain.java:74)&#13;
</system-err></testcase><testcase name="Calculate the total amount"/></testsuite>